<?xml version="1.0"?>
<testsuite name="Chrome Headless 83.0.4103.97 (Mac OS 10.15.4)" package="" timestamp="2020-06-09T02:41:50" id="0" hostname="MacBook-Pro-Ivan.local" tests="1" errors="0" failures="0" time="0.052">
  <properties>
    <property name="browser.fullName" value="Mozilla/5.0 (Macintosh; Intel Mac OS X 10_15_4) AppleWebKit/537.36 (KHTML, like Gecko) HeadlessChrome/83.0.4103.97 Safari/537.36"/>
  </properties>
  <testcase name="AppComponent should create the app" time="0.052" classname="Chrome_Headless_83_0_4103_97_(Mac_OS_10_15_4).AppComponent"/>
  <system-out>
    <![CDATA[
]]>
  </system-out>
  <system-err/>
</testsuite>